[debug] [2024-02-05T16:48:30.528Z] ----------------------------------------------------------------------
[debug] [2024-02-05T16:48:30.529Z] Command:       C:\Program Files\nodejs\node.exe C:\Users\as.gherfal\AppData\Roaming\npm\node_modules\firebase-tools\lib\bin\firebase.js init hosting
[debug] [2024-02-05T16:48:30.530Z] CLI Version:   13.1.0
[debug] [2024-02-05T16:48:30.530Z] Platform:      win32
[debug] [2024-02-05T16:48:30.530Z] Node Version:  v18.18.0
[debug] [2024-02-05T16:48:30.531Z] Time:          Mon Feb 05 2024 18:48:30 GMT+0200 (Eastern European Standard Time)
[debug] [2024-02-05T16:48:30.531Z] ----------------------------------------------------------------------
[debug] 
[debug] [2024-02-05T16:48:30.535Z] > command requires scopes: ["email","openid","https://www.googleapis.com/auth/cloudplatformprojects.readonly","https://www.googleapis.com/auth/firebase","https://www.googleapis.com/auth/cloud-platform"]
[debug] [2024-02-05T16:48:30.536Z] > authorizing via signed-in user (anasgherfal@gmail.com)
[info] 
     ######## #### ########  ######## ########     ###     ######  ########
     ##        ##  ##     ## ##       ##     ##  ##   ##  ##       ##
     ######    ##  ########  ######   ########  #########  ######  ######
     ##        ##  ##    ##  ##       ##     ## ##     ##       ## ##
     ##       #### ##     ## ######## ########  ##     ##  ######  ########

You're about to initialize a Firebase project in this directory:

  C:\Users\as.gherfal\Documents\cs\projects\Clinic-System\clinic

[info] 
=== Project Setup
[info] 
[info] First, let's associate this project directory with a Firebase project.
[info] You can create multiple project aliases by running firebase use --add, 
[info] but for now we'll just set up a default project.
[info] 
[debug] [2024-02-05T16:48:33.232Z] > refreshing access token with scopes: []
[debug] [2024-02-05T16:48:33.234Z] >>> [apiv2][query] POST https://www.googleapis.com/oauth2/v3/token [none]
[debug] [2024-02-05T16:48:33.234Z] >>> [apiv2][body] POST https://www.googleapis.com/oauth2/v3/token [omitted]
[debug] [2024-02-05T16:48:33.421Z] <<< [apiv2][status] POST https://www.googleapis.com/oauth2/v3/token 400
[debug] [2024-02-05T16:48:33.421Z] <<< [apiv2][body] POST https://www.googleapis.com/oauth2/v3/token [omitted]
[debug] [2024-02-05T16:48:33.422Z] >>> [apiv2][query] GET https://firebase.googleapis.com/v1beta1/projects pageSize=100
[debug] [2024-02-05T16:48:33.563Z] <<< [apiv2][status] GET https://firebase.googleapis.com/v1beta1/projects 401
[debug] [2024-02-05T16:48:33.564Z] <<< [apiv2][body] GET https://firebase.googleapis.com/v1beta1/projects [omitted]
[debug] [2024-02-05T16:48:33.564Z] HTTP Error: 401, Request had invalid authentication credentials. Expected OAuth 2 access token, login cookie or other valid authentication credential. See https://developers.google.com/identity/sign-in/web/devconsole-project.
[debug] [2024-02-05T16:48:33.714Z] FirebaseError: HTTP Error: 401, Request had invalid authentication credentials. Expected OAuth 2 access token, login cookie or other valid authentication credential. See https://developers.google.com/identity/sign-in/web/devconsole-project.
    at responseToError (C:\Users\as.gherfal\AppData\Roaming\npm\node_modules\firebase-tools\lib\responseToError.js:49:12)
    at RetryOperation._fn (C:\Users\as.gherfal\AppData\Roaming\npm\node_modules\firebase-tools\lib\apiv2.js:292:77)
    at process.processTicksAndRejections (node:internal/process/task_queues:95:5)
[error] 
[error] Error: Failed to list Firebase projects. See firebase-debug.log for more info.
